<?xml version="1.0" encoding="UTF-8"?>
<!-- Generated by org.testng.reporters.JUnitXMLReporter -->
<testsuite ignored="0" hostname="MSI-L2998" failures="0" tests="3" name="Open Cart login page test_chrome" time="14.74" errors="0" timestamp="2025-10-27T23:23:49 IST">
  <testcase classname="com.qa.opencart.tests.HomePageTest" name="homePageTile" time="0.034"/>
  <testcase classname="com.qa.opencart.tests.HomePageTest" name="homePageURL" time="0.001"/>
  <testcase classname="com.qa.opencart.tests.HomePageTest" name="searchTest" time="0.637"/>
</testsuite> <!-- Open Cart login page test_chrome -->
