<?xml version="1.0" encoding="UTF-8"?>
<!-- Generated by org.testng.reporters.JUnitXMLReporter -->
<testsuite ignored="0" hostname="MSI-L2998" failures="0" tests="5" name="Open Cart Home page test_chrome" time="53.717" errors="0" timestamp="2025-11-03T15:08:55 IST">
  <testcase classname="com.qa.opencart.tests.HomePageTest" name="homePageTitleTest" time="0.032"/>
  <testcase classname="com.qa.opencart.tests.HomePageTest" name="homePageURLTest" time="0.003"/>
  <testcase classname="com.qa.opencart.tests.HomePageTest" name="searchTest" time="5.488"/>
  <testcase classname="com.qa.opencart.tests.HomePageTest" name="searchTest" time="5.453"/>
  <testcase classname="com.qa.opencart.tests.HomePageTest" name="searchTest" time="5.319"/>
</testsuite> <!-- Open Cart Home page test_chrome -->
