<?xml version="1.0" encoding="UTF-8"?>
<!-- Generated by org.testng.reporters.JUnitXMLReporter -->
<testsuite ignored="0" hostname="MSI-L2998" failures="0" tests="8" name="Surefire test" time="33.961" errors="0" timestamp="2025-11-03T14:51:47 IST">
  <testcase classname="com.qa.opencart.tests.HomePageTest" name="homePageTitleTest" time="0.033"/>
  <testcase classname="com.qa.opencart.tests.HomePageTest" name="homePageURLTest" time="0.002"/>
  <testcase classname="com.qa.opencart.tests.HomePageTest" name="searchTest" time="5.57"/>
  <testcase classname="com.qa.opencart.tests.HomePageTest" name="searchTest" time="5.396"/>
  <testcase classname="com.qa.opencart.tests.HomePageTest" name="searchTest" time="5.443"/>
  <testcase classname="com.qa.opencart.tests.LoginPageTest" name="loginPageNavigationTest" time="0.507"/>
  <testcase classname="com.qa.opencart.tests.LoginPageTest" name="forgotPwdLinkExistTest" time="0.044"/>
  <testcase classname="com.qa.opencart.tests.LoginPageTest" name="appLoginTest" time="0.52"/>
</testsuite> <!-- Surefire test -->
