<?xml version="1.0" encoding="UTF-8"?>
<!-- Generated by org.testng.reporters.JUnitXMLReporter -->
<testsuite ignored="0" hostname="MSI-L2998" failures="0" tests="8" name="Surefire test" time="34.903" errors="0" timestamp="2025-11-03T14:26:28 IST">
  <testcase classname="com.qa.opencart.tests.HomePageTest" name="homePageTitleTest" time="0.055"/>
  <testcase classname="com.qa.opencart.tests.HomePageTest" name="homePageURLTest" time="0.002"/>
  <testcase classname="com.qa.opencart.tests.HomePageTest" name="searchTest" time="5.618"/>
  <testcase classname="com.qa.opencart.tests.HomePageTest" name="searchTest" time="5.49"/>
  <testcase classname="com.qa.opencart.tests.HomePageTest" name="searchTest" time="5.507"/>
  <testcase classname="com.qa.opencart.tests.LoginPageTest" name="loginPageNavigationTest" time="0.596"/>
  <testcase classname="com.qa.opencart.tests.LoginPageTest" name="forgotPwdLinkExistTest" time="0.083"/>
  <testcase classname="com.qa.opencart.tests.LoginPageTest" name="appLoginTest" time="0.608"/>
</testsuite> <!-- Surefire test -->
