<?xml version="1.0" encoding="UTF-8"?>
<testsuite xmlns:xsi="http://www.w3.org/2001/XMLSchema-instance" xsi:noNamespaceSchemaLocation="https://maven.apache.org/surefire/maven-surefire-plugin/xsd/surefire-test-report.xsd" version="3.0.1" name="TestSuite" time="34.537" tests="8" errors="0" skipped="0" failures="0">
  <properties>
[...]
</properties>
  <testcase name="homePageTitleTest" classname="com.qa.opencart.tests.HomePageTest" time="0.038">
    <system-out><![CDATA[browser name is : chrome
page title: Your Store
]]></system-out>
    <system-err><![CDATA[SLF4J(W): No SLF4J providers were found.
SLF4J(W): Defaulting to no-operation (NOP) logger implementation
SLF4J(W): See https://www.slf4j.org/codes.html#noProviders for further details.
]]></system-err>
  </testcase>
  <testcase name="homePageURLTest" classname="com.qa.opencart.tests.HomePageTest" time="0.004">
    <system-out><![CDATA[page url : https://naveenautomationlabs.com/opencart/
]]></system-out>
  </testcase>
  <testcase name="searchTest[Macbook](1)" classname="com.qa.opencart.tests.HomePageTest" time="5.57">
    <system-out><![CDATA[search header: Search - Macbook
]]></system-out>
  </testcase>
  <testcase name="searchTest[iMac](2)" classname="com.qa.opencart.tests.HomePageTest" time="5.396">
    <system-out><![CDATA[search header: Search - iMac
]]></system-out>
  </testcase>
  <testcase name="searchTest[Samsung](3)" classname="com.qa.opencart.tests.HomePageTest" time="5.443">
    <system-out><![CDATA[search header: Search - Samsung
]]></system-out>
  </testcase>
  <testcase name="loginPageNavigationTest" classname="com.qa.opencart.tests.LoginPageTest" time="0.507">
    <system-out><![CDATA[browser name is : chrome
page act title: Account Login
]]></system-out>
  </testcase>
  <testcase name="forgotPwdLinkExistTest" classname="com.qa.opencart.tests.LoginPageTest" time="0.044"/>
  <testcase name="appLoginTest" classname="com.qa.opencart.tests.LoginPageTest" time="0.516">
    <system-out><![CDATA[App creds: venkatesh.m89@2gmail.com:venki@123
user is logged in successfully....
]]></system-out>
  </testcase>
</testsuite>