<?xml version="1.0" encoding="UTF-8"?>
<testng-results ignored="0" total="8" passed="8" failed="0" skipped="0">
  <reporter-output>
  </reporter-output>
  <suite started-at="2025-11-03T14:25:53 IST" name="Surefire suite" finished-at="2025-11-03T14:26:28 IST" duration-ms="34903">
    <groups>
    </groups>
    <test started-at="2025-11-03T14:25:53 IST" name="Surefire test" finished-at="2025-11-03T14:26:28 IST" duration-ms="34903">
      <class name="com.qa.opencart.tests.HomePageTest">
        <test-method is-config="true" signature="setup(java.lang.String)[pri:0, instance:com.qa.opencart.tests.HomePageTest@48fa0f47]" started-at="2025-11-03T14:25:53 IST" name="setup" finished-at="2025-11-03T14:26:07 IST" duration-ms="14544" status="PASS">
          <params>
            <param index="0">
              <value is-null="true"/>
            </param>
          </params>
          <reporter-output>
          </reporter-output>
        </test-method> <!-- setup -->
        <test-method signature="homePageTitleTest()[pri:0, instance:com.qa.opencart.tests.HomePageTest@48fa0f47]" started-at="2025-11-03T14:26:08 IST" name="homePageTitleTest" finished-at="2025-11-03T14:26:08 IST" duration-ms="55" status="PASS">
          <reporter-output>
          </reporter-output>
        </test-method> <!-- homePageTitleTest -->
        <test-method signature="homePageURLTest()[pri:0, instance:com.qa.opencart.tests.HomePageTest@48fa0f47]" started-at="2025-11-03T14:26:08 IST" name="homePageURLTest" finished-at="2025-11-03T14:26:08 IST" duration-ms="2" status="PASS">
          <reporter-output>
          </reporter-output>
        </test-method> <!-- homePageURLTest -->
        <test-method signature="searchTest(java.lang.String)[pri:0, instance:com.qa.opencart.tests.HomePageTest@48fa0f47]" started-at="2025-11-03T14:26:08 IST" name="searchTest" data-provider="getProductData" finished-at="2025-11-03T14:26:13 IST" duration-ms="5618" status="PASS">
          <params>
            <param index="0">
              <value>
                <![CDATA[Macbook]]>
              </value>
            </param>
          </params>
          <reporter-output>
          </reporter-output>
        </test-method> <!-- searchTest -->
        <test-method signature="searchTest(java.lang.String)[pri:0, instance:com.qa.opencart.tests.HomePageTest@48fa0f47]" started-at="2025-11-03T14:26:13 IST" name="searchTest" data-provider="getProductData" finished-at="2025-11-03T14:26:19 IST" duration-ms="5490" status="PASS">
          <params>
            <param index="0">
              <value>
                <![CDATA[iMac]]>
              </value>
            </param>
          </params>
          <reporter-output>
          </reporter-output>
        </test-method> <!-- searchTest -->
        <test-method signature="searchTest(java.lang.String)[pri:0, instance:com.qa.opencart.tests.HomePageTest@48fa0f47]" started-at="2025-11-03T14:26:19 IST" name="searchTest" data-provider="getProductData" finished-at="2025-11-03T14:26:24 IST" duration-ms="5507" status="PASS">
          <params>
            <param index="0">
              <value>
                <![CDATA[Samsung]]>
              </value>
            </param>
          </params>
          <reporter-output>
          </reporter-output>
        </test-method> <!-- searchTest -->
        <test-method is-config="true" signature="tearDown()[pri:0, instance:com.qa.opencart.tests.HomePageTest@48fa0f47]" started-at="2025-11-03T14:26:24 IST" name="tearDown" finished-at="2025-11-03T14:26:24 IST" duration-ms="106" status="PASS">
          <reporter-output>
          </reporter-output>
        </test-method> <!-- tearDown -->
      </class> <!-- com.qa.opencart.tests.HomePageTest -->
      <class name="com.qa.opencart.tests.LoginPageTest">
        <test-method is-config="true" signature="setup(java.lang.String)[pri:0, instance:com.qa.opencart.tests.LoginPageTest@6ac13091]" started-at="2025-11-03T14:26:24 IST" name="setup" finished-at="2025-11-03T14:26:26 IST" duration-ms="2091" status="PASS">
          <params>
            <param index="0">
              <value is-null="true"/>
            </param>
          </params>
          <reporter-output>
          </reporter-output>
        </test-method> <!-- setup -->
        <test-method signature="loginPageNavigationTest()[pri:1, instance:com.qa.opencart.tests.LoginPageTest@6ac13091]" started-at="2025-11-03T14:26:26 IST" name="loginPageNavigationTest" finished-at="2025-11-03T14:26:27 IST" duration-ms="596" status="PASS">
          <reporter-output>
          </reporter-output>
        </test-method> <!-- loginPageNavigationTest -->
        <test-method signature="forgotPwdLinkExistTest()[pri:2, instance:com.qa.opencart.tests.LoginPageTest@6ac13091]" started-at="2025-11-03T14:26:27 IST" name="forgotPwdLinkExistTest" finished-at="2025-11-03T14:26:27 IST" duration-ms="83" status="PASS">
          <reporter-output>
          </reporter-output>
        </test-method> <!-- forgotPwdLinkExistTest -->
        <test-method signature="appLoginTest()[pri:3, instance:com.qa.opencart.tests.LoginPageTest@6ac13091]" started-at="2025-11-03T14:26:27 IST" name="appLoginTest" finished-at="2025-11-03T14:26:28 IST" duration-ms="608" status="PASS">
          <reporter-output>
          </reporter-output>
        </test-method> <!-- appLoginTest -->
        <test-method is-config="true" signature="tearDown()[pri:0, instance:com.qa.opencart.tests.LoginPageTest@6ac13091]" started-at="2025-11-03T14:26:28 IST" name="tearDown" finished-at="2025-11-03T14:26:28 IST" duration-ms="115" status="PASS">
          <reporter-output>
          </reporter-output>
        </test-method> <!-- tearDown -->
      </class> <!-- com.qa.opencart.tests.LoginPageTest -->
    </test> <!-- Surefire test -->
  </suite> <!-- Surefire suite -->
</testng-results>
