<?xml version="1.0" encoding="UTF-8"?>
<testng-results ignored="0" total="8" passed="8" failed="0" skipped="0">
  <reporter-output>
  </reporter-output>
  <suite started-at="2025-11-03T14:51:13 IST" name="Surefire suite" finished-at="2025-11-03T14:51:47 IST" duration-ms="33961">
    <groups>
    </groups>
    <test started-at="2025-11-03T14:51:13 IST" name="Surefire test" finished-at="2025-11-03T14:51:47 IST" duration-ms="33961">
      <class name="com.qa.opencart.tests.HomePageTest">
        <test-method is-config="true" signature="setup(java.lang.String)[pri:0, instance:com.qa.opencart.tests.HomePageTest@48fa0f47]" started-at="2025-11-03T14:51:13 IST" name="setup" finished-at="2025-11-03T14:51:27 IST" duration-ms="14148" status="PASS">
          <params>
            <param index="0">
              <value is-null="true"/>
            </param>
          </params>
          <reporter-output>
          </reporter-output>
        </test-method> <!-- setup -->
        <test-method signature="homePageTitleTest()[pri:0, instance:com.qa.opencart.tests.HomePageTest@48fa0f47]" started-at="2025-11-03T14:51:27 IST" name="homePageTitleTest" finished-at="2025-11-03T14:51:27 IST" duration-ms="33" status="PASS">
          <reporter-output>
          </reporter-output>
        </test-method> <!-- homePageTitleTest -->
        <test-method signature="homePageURLTest()[pri:0, instance:com.qa.opencart.tests.HomePageTest@48fa0f47]" started-at="2025-11-03T14:51:27 IST" name="homePageURLTest" finished-at="2025-11-03T14:51:27 IST" duration-ms="2" status="PASS">
          <reporter-output>
          </reporter-output>
        </test-method> <!-- homePageURLTest -->
        <test-method signature="searchTest(java.lang.String)[pri:0, instance:com.qa.opencart.tests.HomePageTest@48fa0f47]" started-at="2025-11-03T14:51:27 IST" name="searchTest" data-provider="getProductData" finished-at="2025-11-03T14:51:32 IST" duration-ms="5570" status="PASS">
          <params>
            <param index="0">
              <value>
                <![CDATA[Macbook]]>
              </value>
            </param>
          </params>
          <reporter-output>
          </reporter-output>
        </test-method> <!-- searchTest -->
        <test-method signature="searchTest(java.lang.String)[pri:0, instance:com.qa.opencart.tests.HomePageTest@48fa0f47]" started-at="2025-11-03T14:51:32 IST" name="searchTest" data-provider="getProductData" finished-at="2025-11-03T14:51:38 IST" duration-ms="5396" status="PASS">
          <params>
            <param index="0">
              <value>
                <![CDATA[iMac]]>
              </value>
            </param>
          </params>
          <reporter-output>
          </reporter-output>
        </test-method> <!-- searchTest -->
        <test-method signature="searchTest(java.lang.String)[pri:0, instance:com.qa.opencart.tests.HomePageTest@48fa0f47]" started-at="2025-11-03T14:51:38 IST" name="searchTest" data-provider="getProductData" finished-at="2025-11-03T14:51:43 IST" duration-ms="5443" status="PASS">
          <params>
            <param index="0">
              <value>
                <![CDATA[Samsung]]>
              </value>
            </param>
          </params>
          <reporter-output>
          </reporter-output>
        </test-method> <!-- searchTest -->
        <test-method is-config="true" signature="tearDown()[pri:0, instance:com.qa.opencart.tests.HomePageTest@48fa0f47]" started-at="2025-11-03T14:51:43 IST" name="tearDown" finished-at="2025-11-03T14:51:43 IST" duration-ms="113" status="PASS">
          <reporter-output>
          </reporter-output>
        </test-method> <!-- tearDown -->
      </class> <!-- com.qa.opencart.tests.HomePageTest -->
      <class name="com.qa.opencart.tests.LoginPageTest">
        <test-method is-config="true" signature="setup(java.lang.String)[pri:0, instance:com.qa.opencart.tests.LoginPageTest@6ac13091]" started-at="2025-11-03T14:51:43 IST" name="setup" finished-at="2025-11-03T14:51:45 IST" duration-ms="2008" status="PASS">
          <params>
            <param index="0">
              <value is-null="true"/>
            </param>
          </params>
          <reporter-output>
          </reporter-output>
        </test-method> <!-- setup -->
        <test-method signature="loginPageNavigationTest()[pri:1, instance:com.qa.opencart.tests.LoginPageTest@6ac13091]" started-at="2025-11-03T14:51:45 IST" name="loginPageNavigationTest" finished-at="2025-11-03T14:51:46 IST" duration-ms="507" status="PASS">
          <reporter-output>
          </reporter-output>
        </test-method> <!-- loginPageNavigationTest -->
        <test-method signature="forgotPwdLinkExistTest()[pri:2, instance:com.qa.opencart.tests.LoginPageTest@6ac13091]" started-at="2025-11-03T14:51:46 IST" name="forgotPwdLinkExistTest" finished-at="2025-11-03T14:51:46 IST" duration-ms="44" status="PASS">
          <reporter-output>
          </reporter-output>
        </test-method> <!-- forgotPwdLinkExistTest -->
        <test-method signature="appLoginTest()[pri:3, instance:com.qa.opencart.tests.LoginPageTest@6ac13091]" started-at="2025-11-03T14:51:46 IST" name="appLoginTest" finished-at="2025-11-03T14:51:46 IST" duration-ms="520" status="PASS">
          <reporter-output>
          </reporter-output>
        </test-method> <!-- appLoginTest -->
        <test-method is-config="true" signature="tearDown()[pri:0, instance:com.qa.opencart.tests.LoginPageTest@6ac13091]" started-at="2025-11-03T14:51:46 IST" name="tearDown" finished-at="2025-11-03T14:51:47 IST" duration-ms="102" status="PASS">
          <reporter-output>
          </reporter-output>
        </test-method> <!-- tearDown -->
      </class> <!-- com.qa.opencart.tests.LoginPageTest -->
    </test> <!-- Surefire test -->
  </suite> <!-- Surefire suite -->
</testng-results>
