<?xml version="1.0" encoding="UTF-8"?>
<testng-results ignored="0" total="5" passed="5" failed="0" skipped="0">
  <reporter-output>
  </reporter-output>
  <suite started-at="2025-10-31T20:18:56 IST" name="Default suite" finished-at="2025-10-31T20:19:45 IST" duration-ms="48695">
    <groups>
    </groups>
    <test started-at="2025-10-31T20:18:56 IST" name="Default test" finished-at="2025-10-31T20:19:45 IST" duration-ms="48695">
      <class name="com.qa.opencart.tests.HomePageTest">
        <test-method is-config="true" signature="setup(java.lang.String)[pri:0, instance:com.qa.opencart.tests.HomePageTest@54c5a2ff]" started-at="2025-10-31T20:18:56 IST" name="setup" finished-at="2025-10-31T20:19:28 IST" duration-ms="32199" status="PASS">
          <params>
            <param index="0">
              <value is-null="true"/>
            </param>
          </params>
          <reporter-output>
          </reporter-output>
        </test-method> <!-- setup -->
        <test-method signature="homePageTitleTest()[pri:0, instance:com.qa.opencart.tests.HomePageTest@54c5a2ff]" started-at="2025-10-31T20:19:28 IST" name="homePageTitleTest" finished-at="2025-10-31T20:19:28 IST" duration-ms="19" status="PASS">
          <reporter-output>
          </reporter-output>
        </test-method> <!-- homePageTitleTest -->
        <test-method signature="homePageURLTest()[pri:0, instance:com.qa.opencart.tests.HomePageTest@54c5a2ff]" started-at="2025-10-31T20:19:28 IST" name="homePageURLTest" finished-at="2025-10-31T20:19:28 IST" duration-ms="1" status="PASS">
          <reporter-output>
          </reporter-output>
        </test-method> <!-- homePageURLTest -->
        <test-method signature="searchTest(java.lang.String)[pri:0, instance:com.qa.opencart.tests.HomePageTest@54c5a2ff]" started-at="2025-10-31T20:19:28 IST" name="searchTest" data-provider="getProductData" finished-at="2025-10-31T20:19:34 IST" duration-ms="5451" status="PASS">
          <params>
            <param index="0">
              <value>
                <![CDATA[Macbook]]>
              </value>
            </param>
          </params>
          <reporter-output>
          </reporter-output>
        </test-method> <!-- searchTest -->
        <test-method signature="searchTest(java.lang.String)[pri:0, instance:com.qa.opencart.tests.HomePageTest@54c5a2ff]" started-at="2025-10-31T20:19:34 IST" name="searchTest" data-provider="getProductData" finished-at="2025-10-31T20:19:39 IST" duration-ms="5307" status="PASS">
          <params>
            <param index="0">
              <value>
                <![CDATA[iMac]]>
              </value>
            </param>
          </params>
          <reporter-output>
          </reporter-output>
        </test-method> <!-- searchTest -->
        <test-method signature="searchTest(java.lang.String)[pri:0, instance:com.qa.opencart.tests.HomePageTest@54c5a2ff]" started-at="2025-10-31T20:19:39 IST" name="searchTest" data-provider="getProductData" finished-at="2025-10-31T20:19:44 IST" duration-ms="5335" status="PASS">
          <params>
            <param index="0">
              <value>
                <![CDATA[Samsung]]>
              </value>
            </param>
          </params>
          <reporter-output>
          </reporter-output>
        </test-method> <!-- searchTest -->
        <test-method is-config="true" signature="tearDown()[pri:0, instance:com.qa.opencart.tests.HomePageTest@54c5a2ff]" started-at="2025-10-31T20:19:44 IST" name="tearDown" finished-at="2025-10-31T20:19:45 IST" duration-ms="315" status="PASS">
          <reporter-output>
          </reporter-output>
        </test-method> <!-- tearDown -->
      </class> <!-- com.qa.opencart.tests.HomePageTest -->
    </test> <!-- Default test -->
  </suite> <!-- Default suite -->
</testng-results>
