<?xml version="1.0" encoding="UTF-8"?>
<testng-results ignored="0" total="8" passed="8" failed="0" skipped="0">
  <reporter-output>
  </reporter-output>
  <suite started-at="2025-11-03T15:08:02 IST" name="Open Cart Test Suite" finished-at="2025-11-03T15:08:55 IST" duration-ms="53717">
    <groups>
    </groups>
    <test started-at="2025-11-03T15:08:02 IST" name="Open Cart login page test_chrome" finished-at="2025-11-03T15:08:36 IST" duration-ms="34747">
      <class name="com.qa.opencart.tests.LoginPageTest">
        <test-method is-config="true" signature="setup(java.lang.String)[pri:0, instance:com.qa.opencart.tests.LoginPageTest@645aa696]" started-at="2025-11-03T15:08:02 IST" name="setup" finished-at="2025-11-03T15:08:34 IST" duration-ms="32508" status="PASS">
          <params>
            <param index="0">
              <value>
                <![CDATA[edge]]>
              </value>
            </param>
          </params>
          <reporter-output>
          </reporter-output>
        </test-method> <!-- setup -->
        <test-method signature="loginPageNavigationTest()[pri:1, instance:com.qa.opencart.tests.LoginPageTest@645aa696]" started-at="2025-11-03T15:08:34 IST" name="loginPageNavigationTest" finished-at="2025-11-03T15:08:35 IST" duration-ms="1081" status="PASS">
          <reporter-output>
          </reporter-output>
        </test-method> <!-- loginPageNavigationTest -->
        <test-method signature="forgotPwdLinkExistTest()[pri:2, instance:com.qa.opencart.tests.LoginPageTest@645aa696]" started-at="2025-11-03T15:08:35 IST" name="forgotPwdLinkExistTest" finished-at="2025-11-03T15:08:35 IST" duration-ms="34" status="PASS">
          <reporter-output>
          </reporter-output>
        </test-method> <!-- forgotPwdLinkExistTest -->
        <test-method signature="appLoginTest()[pri:3, instance:com.qa.opencart.tests.LoginPageTest@645aa696]" started-at="2025-11-03T15:08:35 IST" name="appLoginTest" finished-at="2025-11-03T15:08:36 IST" duration-ms="431" status="PASS">
          <reporter-output>
          </reporter-output>
        </test-method> <!-- appLoginTest -->
        <test-method is-config="true" signature="tearDown()[pri:0, instance:com.qa.opencart.tests.LoginPageTest@645aa696]" started-at="2025-11-03T15:08:36 IST" name="tearDown" finished-at="2025-11-03T15:08:36 IST" duration-ms="622" status="PASS">
          <reporter-output>
          </reporter-output>
        </test-method> <!-- tearDown -->
      </class> <!-- com.qa.opencart.tests.LoginPageTest -->
    </test> <!-- Open Cart login page test_chrome -->
    <test started-at="2025-11-03T15:08:02 IST" name="Open Cart Home page test_chrome" finished-at="2025-11-03T15:08:55 IST" duration-ms="53717">
      <class name="com.qa.opencart.tests.HomePageTest">
        <test-method is-config="true" signature="setup(java.lang.String)[pri:0, instance:com.qa.opencart.tests.HomePageTest@46cdf8bd]" started-at="2025-11-03T15:08:02 IST" name="setup" finished-at="2025-11-03T15:08:36 IST" duration-ms="34080" status="PASS">
          <params>
            <param index="0">
              <value>
                <![CDATA[chrome]]>
              </value>
            </param>
          </params>
          <reporter-output>
          </reporter-output>
        </test-method> <!-- setup -->
        <test-method signature="homePageTitleTest()[pri:0, instance:com.qa.opencart.tests.HomePageTest@46cdf8bd]" started-at="2025-11-03T15:08:36 IST" name="homePageTitleTest" finished-at="2025-11-03T15:08:36 IST" duration-ms="32" status="PASS">
          <reporter-output>
          </reporter-output>
        </test-method> <!-- homePageTitleTest -->
        <test-method signature="homePageURLTest()[pri:0, instance:com.qa.opencart.tests.HomePageTest@46cdf8bd]" started-at="2025-11-03T15:08:36 IST" name="homePageURLTest" finished-at="2025-11-03T15:08:36 IST" duration-ms="3" status="PASS">
          <reporter-output>
          </reporter-output>
        </test-method> <!-- homePageURLTest -->
        <test-method signature="searchTest(java.lang.String)[pri:0, instance:com.qa.opencart.tests.HomePageTest@46cdf8bd]" started-at="2025-11-03T15:08:36 IST" name="searchTest" data-provider="getProductData" finished-at="2025-11-03T15:08:41 IST" duration-ms="5488" status="PASS">
          <params>
            <param index="0">
              <value>
                <![CDATA[Macbook]]>
              </value>
            </param>
          </params>
          <reporter-output>
          </reporter-output>
        </test-method> <!-- searchTest -->
        <test-method signature="searchTest(java.lang.String)[pri:0, instance:com.qa.opencart.tests.HomePageTest@46cdf8bd]" started-at="2025-11-03T15:08:41 IST" name="searchTest" data-provider="getProductData" finished-at="2025-11-03T15:08:47 IST" duration-ms="5453" status="PASS">
          <params>
            <param index="0">
              <value>
                <![CDATA[iMac]]>
              </value>
            </param>
          </params>
          <reporter-output>
          </reporter-output>
        </test-method> <!-- searchTest -->
        <test-method signature="searchTest(java.lang.String)[pri:0, instance:com.qa.opencart.tests.HomePageTest@46cdf8bd]" started-at="2025-11-03T15:08:47 IST" name="searchTest" data-provider="getProductData" finished-at="2025-11-03T15:08:52 IST" duration-ms="5319" status="PASS">
          <params>
            <param index="0">
              <value>
                <![CDATA[Samsung]]>
              </value>
            </param>
          </params>
          <reporter-output>
          </reporter-output>
        </test-method> <!-- searchTest -->
        <test-method is-config="true" signature="tearDown()[pri:0, instance:com.qa.opencart.tests.HomePageTest@46cdf8bd]" started-at="2025-11-03T15:08:52 IST" name="tearDown" finished-at="2025-11-03T15:08:55 IST" duration-ms="3278" status="PASS">
          <reporter-output>
          </reporter-output>
        </test-method> <!-- tearDown -->
      </class> <!-- com.qa.opencart.tests.HomePageTest -->
    </test> <!-- Open Cart Home page test_chrome -->
  </suite> <!-- Open Cart Test Suite -->
</testng-results>
