<?xml version="1.0" encoding="UTF-8"?>
<!-- Generated by org.testng.reporters.JUnitReportReporter -->
<testsuite hostname="MSI-L2998" failures="0" tests="5" name="com.qa.opencart.tests.HomePageTest" time="16.113" errors="0" timestamp="2025-10-31T20:19:45 IST" skipped="0">
  <testcase classname="com.qa.opencart.tests.HomePageTest" name="searchTest" time="5.307"/>
  <testcase classname="com.qa.opencart.tests.HomePageTest" name="homePageTitleTest" time="0.019"/>
  <testcase classname="com.qa.opencart.tests.HomePageTest" name="homePageURLTest" time="0.001"/>
  <testcase classname="com.qa.opencart.tests.HomePageTest" name="searchTest" time="5.451"/>
  <testcase classname="com.qa.opencart.tests.HomePageTest" name="searchTest" time="5.335"/>
</testsuite> <!-- com.qa.opencart.tests.HomePageTest -->
