<?xml version="1.0" encoding="UTF-8"?>
<!-- Generated by org.testng.reporters.JUnitReportReporter -->
<testsuite hostname="MSI-L2998" failures="0" tests="3" name="com.qa.opencart.tests.LoginPageTest" time="1.546" errors="0" timestamp="2025-11-03T15:08:56 IST" skipped="0">
  <testcase classname="com.qa.opencart.tests.LoginPageTest" name="loginPageNavigationTest" time="1.081"/>
  <testcase classname="com.qa.opencart.tests.LoginPageTest" name="forgotPwdLinkExistTest" time="0.034"/>
  <testcase classname="com.qa.opencart.tests.LoginPageTest" name="appLoginTest" time="0.431"/>
</testsuite> <!-- com.qa.opencart.tests.LoginPageTest -->
