<?xml version="1.0" encoding="UTF-8"?>
<!-- Generated by org.testng.reporters.JUnitReportReporter -->
<testsuite hostname="MSI-L2998" failures="0" tests="5" name="com.qa.opencart.tests.HomePageTest" time="16.672" errors="0" timestamp="2025-11-03T14:26:28 IST" skipped="0">
  <testcase classname="com.qa.opencart.tests.HomePageTest" name="homePageURLTest" time="0.002"/>
  <testcase classname="com.qa.opencart.tests.HomePageTest" name="homePageTitleTest" time="0.055"/>
  <testcase classname="com.qa.opencart.tests.HomePageTest" name="searchTest" time="5.618"/>
  <testcase classname="com.qa.opencart.tests.HomePageTest" name="searchTest" time="5.507"/>
  <testcase classname="com.qa.opencart.tests.HomePageTest" name="searchTest" time="5.490"/>
</testsuite> <!-- com.qa.opencart.tests.HomePageTest -->
