<?xml version="1.0" encoding="UTF-8"?>
<!-- Generated by org.testng.reporters.JUnitReportReporter -->
<testsuite hostname="MSI-L2998" failures="0" tests="5" name="com.qa.opencart.tests.HomePageTest" time="16.444" errors="0" timestamp="2025-11-03T14:51:47 IST" skipped="0">
  <testcase classname="com.qa.opencart.tests.HomePageTest" name="homePageURLTest" time="0.002"/>
  <testcase classname="com.qa.opencart.tests.HomePageTest" name="homePageTitleTest" time="0.033"/>
  <testcase classname="com.qa.opencart.tests.HomePageTest" name="searchTest" time="5.443"/>
  <testcase classname="com.qa.opencart.tests.HomePageTest" name="searchTest" time="5.396"/>
  <testcase classname="com.qa.opencart.tests.HomePageTest" name="searchTest" time="5.570"/>
</testsuite> <!-- com.qa.opencart.tests.HomePageTest -->
