<?xml version="1.0" encoding="UTF-8"?>
<!-- Generated by org.testng.reporters.JUnitReportReporter -->
<testsuite hostname="MSI-L2998" failures="0" tests="3" name="com.qa.opencart.tests.LoginPageTest" time="1.071" errors="0" timestamp="2025-11-03T14:51:47 IST" skipped="0">
  <testcase classname="com.qa.opencart.tests.LoginPageTest" name="loginPageNavigationTest" time="0.507"/>
  <testcase classname="com.qa.opencart.tests.LoginPageTest" name="forgotPwdLinkExistTest" time="0.044"/>
  <testcase classname="com.qa.opencart.tests.LoginPageTest" name="appLoginTest" time="0.520"/>
</testsuite> <!-- com.qa.opencart.tests.LoginPageTest -->
